<?xml version="1.0" encoding="UTF-8"?>
<testsuite name="saucedemo.TC_01_Sort_Asc_Desc" tests="3" skipped="0" failures="0" errors="0" timestamp="2022-06-16T04:23:33" hostname="DESKTOP-M4O9I4R" time="1.651">
  <properties/>
  <testcase name="TC_01" classname="saucedemo.TC_01_Sort_Asc_Desc" time="0.808"/>
  <testcase name="TC_02" classname="saucedemo.TC_01_Sort_Asc_Desc" time="0.692"/>
  <testcase name="TC_03" classname="saucedemo.TC_01_Sort_Asc_Desc" time="0.118"/>
  <system-out><![CDATA[Items before sort: [Test.allTheThings() T-Shirt (Red), Sauce Labs Onesie, Sauce Labs Fleece Jacket, Sauce Labs Bolt T-Shirt, Sauce Labs Bike Light, Sauce Labs Backpack]
Items after sort: [Test.allTheThings() T-Shirt (Red), Sauce Labs Onesie, Sauce Labs Fleece Jacket, Sauce Labs Bolt T-Shirt, Sauce Labs Bike Light, Sauce Labs Backpack]
Verification Start
 -------------------------- PASSED -------------------------- 
Items before sort: [Sauce Labs Backpack, Sauce Labs Bike Light, Sauce Labs Bolt T-Shirt, Sauce Labs Fleece Jacket, Sauce Labs Onesie, Test.allTheThings() T-Shirt (Red)]
Items after sort: [Sauce Labs Backpack, Sauce Labs Bike Light, Sauce Labs Bolt T-Shirt, Sauce Labs Fleece Jacket, Sauce Labs Onesie, Test.allTheThings() T-Shirt (Red)]
Verification Start
 -------------------------- PASSED -------------------------- 
Items before sort: [49.99, 29.99, 15.99, 15.99, 9.99, 7.99]
Items after sort: [49.99, 29.99, 15.99, 15.99, 9.99, 7.99]
Verification Start
 -------------------------- PASSED -------------------------- 
Items before sort: [7.99, 9.99, 15.99, 15.99, 29.99, 49.99]
Items after sort: [7.99, 9.99, 15.99, 15.99, 29.99, 49.99]
Verification Start
 -------------------------- PASSED -------------------------- 
Items before sort: [7.99, 9.99, 15.99, 15.99, 29.99, 49.99]
Items after sort: [7.99, 9.99, 15.99, 15.99, 29.99, 49.99]
Verification Start
 -------------------------- PASSED -------------------------- 
]]></system-out>
  <system-err><![CDATA[1655353397500	geckodriver	INFO	Listening on 127.0.0.1:20746
1655353398146	mozrunner::runner	INFO	Running command: "C:\\Program Files\\Mozilla Firefox\\firefox.exe" "--marionette" "-no-remote" "-profile" "C:\\Users\\son\\AppData\\Local\\Temp\\rust_mozprofilez8IeC3"
1655353398584	Marionette	INFO	Marionette enabled
console.warn: SearchSettings: "get: No settings file exists, new profile?" (new NotFoundError("Could not open the file at C:\\Users\\son\\AppData\\Local\\Temp\\rust_mozprofilez8IeC3\\search.json.mozlz4", (void 0)))
1655353411151	Marionette	INFO	Listening on port 52262
1655353411219	RemoteAgent	WARN	TLS certificate errors will be ignored for this session
Jun 16, 2022 11:23:31 AM org.openqa.selenium.remote.ProtocolHandshake createSession
INFO: Detected dialect: W3C
]]></system-err>
</testsuite>
